<?xml version="1.0" encoding="UTF-8"?>
<!-- Generated by org.testng.reporters.JUnitXMLReporter -->
<testsuite ignored="0" hostname="rajkumar" failures="0" tests="4" name="Test" time="24.131" errors="0" timestamp="2023-06-26T21:58:28 IST">
  <testcase classname="Test_Classes.Put_TC" name="extractor" time="18.427"/>
  <testcase classname="Test_Classes.Post_Create_TC_01" name="extractor" time="2.135"/>
  <testcase classname="Test_Classes.Patch_TC" name="extractor" time="2.106"/>
  <testcase classname="Test_Classes.Get_TC" name="extractor" time="0.602"/>
</testsuite> <!-- Test -->
