<?xml version="1.0" encoding="UTF-8"?>
<testng-results ignored="0" total="4" passed="4" failed="0" skipped="0">
  <reporter-output>
  </reporter-output>
  <suite started-at="2023-06-26T21:58:04 IST" name="Suite" finished-at="2023-06-26T21:58:28 IST" duration-ms="24131">
    <groups>
    </groups>
    <test started-at="2023-06-26T21:58:04 IST" name="Test" finished-at="2023-06-26T21:58:28 IST" duration-ms="24131">
      <class name="Test_Classes.Put_TC">
        <test-method signature="extractor()[pri:0, instance:Test_Classes.Put_TC@2d901eb0]" started-at="2023-06-26T21:58:04 IST" name="extractor" finished-at="2023-06-26T21:58:22 IST" duration-ms="18427" status="PASS">
          <reporter-output>
          </reporter-output>
        </test-method> <!-- extractor -->
      </class> <!-- Test_Classes.Put_TC -->
      <class name="Test_Classes.Post_Create_TC_01">
        <test-method signature="extractor()[pri:0, instance:Test_Classes.Post_Create_TC_01@48075da3]" started-at="2023-06-26T21:58:23 IST" name="extractor" finished-at="2023-06-26T21:58:25 IST" duration-ms="2135" status="PASS">
          <reporter-output>
          </reporter-output>
        </test-method> <!-- extractor -->
      </class> <!-- Test_Classes.Post_Create_TC_01 -->
      <class name="Test_Classes.Get_TC">
        <test-method signature="extractor()[pri:0, instance:Test_Classes.Get_TC@7a35b0f5]" started-at="2023-06-26T21:58:27 IST" name="extractor" finished-at="2023-06-26T21:58:28 IST" duration-ms="602" status="PASS">
          <reporter-output>
          </reporter-output>
        </test-method> <!-- extractor -->
      </class> <!-- Test_Classes.Get_TC -->
      <class name="Test_Classes.Patch_TC">
        <test-method signature="extractor()[pri:0, instance:Test_Classes.Patch_TC@68c9133c]" started-at="2023-06-26T21:58:25 IST" name="extractor" finished-at="2023-06-26T21:58:27 IST" duration-ms="2106" status="PASS">
          <reporter-output>
          </reporter-output>
        </test-method> <!-- extractor -->
      </class> <!-- Test_Classes.Patch_TC -->
    </test> <!-- Test -->
  </suite> <!-- Suite -->
</testng-results>
